Started on Aug 22, 2024, 5:42:00 PM
Using strategy: Default
[poll] Last Built Revision: Revision 4c8aa84f0c59d4dab5526095a97ca0db1c236b34 (refs/remotes/origin/some-architecture-work)
The recommended git tool is: NONE
No credentials specified
 > git --version # timeout=10
 > git --version # 'git version 2.39.2'
 > git ls-remote -h -- https://github.com/hms-dbmi/avillachlab-jenkins-bdc-etl # timeout=10
Found 6 remote heads on https://github.com/hms-dbmi/avillachlab-jenkins-bdc-etl
[poll] Latest remote head revision on refs/heads/some-architecture-work is: 4c8aa84f0c59d4dab5526095a97ca0db1c236b34 - already built by 28
Using strategy: Default
[poll] Last Built Revision: Revision 4c8aa84f0c59d4dab5526095a97ca0db1c236b34 (refs/remotes/origin/some-architecture-work)
The recommended git tool is: NONE
No credentials specified
 > git --version # timeout=10
 > git --version # 'git version 2.39.2'
 > git ls-remote -h -- https://github.com/hms-dbmi/avillachlab-jenkins-bdc-etl # timeout=10
Found 6 remote heads on https://github.com/hms-dbmi/avillachlab-jenkins-bdc-etl
[poll] Latest remote head revision on refs/heads/some-architecture-work is: 4c8aa84f0c59d4dab5526095a97ca0db1c236b34 - already built by 28
Done. Took 0.21 sec
No changes
